\BOOKMARK [1][-]{Doc-Start}{\376\377\144\130\211\201}{}% 1
\BOOKMARK [1][-]{section*.1}{\376\377\000A\000b\000s\000t\000r\000a\000c\000t}{}% 2
\BOOKMARK [1][-]{section.1}{\376\377\137\025\212\000}{}% 3
\BOOKMARK [2][-]{subsection.1.1}{\376\377\170\024\172\166\200\314\146\157}{section.1}% 4
\BOOKMARK [2][-]{subsection.1.2}{\376\377\131\032\146\172\200\375\117\123\137\072\123\026\133\146\116\140\127\050\000\040\000D\000F\000J\000S\000P\000\040\116\055\166\204\134\100\226\120}{section.1}% 5
\BOOKMARK [2][-]{subsection.1.3}{\376\377\147\054\145\207\170\024\172\166\121\205\133\271\116\016\122\033\145\260\160\271}{section.1}% 6
\BOOKMARK [2][-]{subsection.1.4}{\376\377\213\272\145\207\176\323\147\204\133\211\143\222}{section.1}% 7
\BOOKMARK [1][-]{section.2}{\376\377\166\370\121\163\170\024\172\166\176\374\217\360}{}% 8
\BOOKMARK [2][-]{subsection.2.1}{\376\377\000F\000J\000S\000P\000\040\116\016\000\040\000D\000F\000J\000S\000P\060\021}{section.2}% 9
\BOOKMARK [2][-]{subsection.2.2}{\376\377\124\057\123\321\137\017\116\016\121\103\124\057\123\321\137\017\145\271\154\325}{section.2}% 10
\BOOKMARK [2][-]{subsection.2.3}{\376\377\137\072\123\026\133\146\116\140\127\050\000D\000F\000J\000S\000P\116\055\166\204\136\224\165\050}{section.2}% 11
\BOOKMARK [2][-]{subsection.2.4}{\376\377\131\032\146\172\200\375\117\123\137\072\123\026\133\146\116\140\127\050\000D\000F\000J\000S\000P\116\055\136\224\165\050}{section.2}% 12
\BOOKMARK [2][-]{subsection.2.5}{\376\377\152\041\116\377\133\146\116\140}{section.2}% 13
\BOOKMARK [2][-]{subsection.2.6}{\376\377\121\205\127\050\131\126\122\261}{section.2}% 14
\BOOKMARK [2][-]{subsection.2.7}{\376\377\147\054\172\340\134\017\176\323}{section.2}% 15
\BOOKMARK [1][-]{section.3}{\376\377\122\250\140\001\147\324\140\047\117\134\116\032\217\146\225\364\214\003\136\246\225\356\230\230\136\372\152\041}{}% 16
\BOOKMARK [2][-]{subsection.3.1}{\376\377\225\356\230\230\133\232\116\111}{section.3}% 17
\BOOKMARK [2][-]{subsection.3.2}{\376\377\122\250\140\001\116\213\116\366\152\041\127\213}{section.3}% 18
\BOOKMARK [2][-]{subsection.3.3}{\376\377\140\047\200\375\213\304\116\367\143\007\150\007}{section.3}% 19
\BOOKMARK [2][-]{subsection.3.4}{\376\377\147\054\172\340\134\017\176\323}{section.3}% 20
\BOOKMARK [1][-]{section.4}{\376\377\147\072\126\150\133\371\237\120\166\204\131\032\146\172\200\375\117\123\137\072\123\026\133\146\116\140\145\271\154\325}{}% 21
\BOOKMARK [2][-]{subsection.4.1}{\376\377\147\072\126\150\133\371\237\120\377\010\000M\000a\000c\000h\000i\000n\000e\000\040\000A\000l\000i\000g\000n\000m\000e\000n\000t\377\011\000\040\116\016\000\040\000M\000D\000P\136\372\152\041}{section.4}% 22
\BOOKMARK [2][-]{subsection.4.2}{\376\377\162\266\140\001\172\172\225\364}{section.4}% 23
\BOOKMARK [2][-]{subsection.4.3}{\376\377\122\250\117\134\172\172\225\364}{section.4}% 24
\BOOKMARK [2][-]{subsection.4.4}{\376\377\152\041\116\377\133\146\116\140\166\204\137\025\121\145}{section.4}% 25
\BOOKMARK [2][-]{subsection.4.5}{\376\377\131\126\122\261\213\276\213\241\116\016\121\205\127\050\131\126\122\261\147\072\122\066\166\204\137\025\121\145}{section.4}% 26
\BOOKMARK [2][-]{subsection.4.6}{\376\377\131\032\146\172\200\375\117\123\173\126\165\145\117\030\123\026\150\106\147\266}{section.4}% 27
\BOOKMARK [2][-]{subsection.4.7}{\376\377\147\054\172\340\134\017\176\323}{section.4}% 28
\BOOKMARK [1][-]{section.5}{\376\377\133\236\232\214\213\276\213\241\116\016\176\323\147\234\122\006\147\220}{}% 29
\BOOKMARK [2][-]{subsection.5.1}{\376\377\133\236\232\214\163\257\130\203}{section.5}% 30
\BOOKMARK [2][-]{subsection.5.2}{\376\377\213\255\176\303\176\306\202\202}{section.5}% 31
\BOOKMARK [2][-]{subsection.5.3}{\376\377\133\236\232\214\176\323\147\234}{section.5}% 32
\BOOKMARK [2][-]{subsection.5.4}{\376\377\155\210\207\215\133\236\232\214}{section.5}% 33
\BOOKMARK [2][-]{subsection.5.5}{\376\377\147\054\172\340\134\017\176\323}{section.5}% 34
\BOOKMARK [1][-]{section.6}{\376\377\140\073\176\323\116\016\134\125\147\033}{}% 35
\BOOKMARK [1][-]{section*.4}{\376\377\000-\0004\000\040\123\302\200\003\145\207\163\056}{}% 36
\BOOKMARK [1][-]{section*.5}{\376\377\000-\0004\000\040\201\364\000\040\214\042\000\040}{}% 37
\BOOKMARK [1][-]{section*.6}{\376\377\000-\0004\000\040\145\073\213\373\133\146\117\115\147\037\225\364\166\204\170\024\172\166\142\020\147\234}{}% 38
